
*** Running vivado
    with args -log smart_traffic_controller.vdi -applog -m64 -product Vivado -messageDb vivado.pb -mode batch -source smart_traffic_controller.tcl -notrace



****** Vivado v2024.1.2 (64-bit)
  **** SW Build 5164865 on Thu Sep  5 14:37:11 MDT 2024
  **** IP Build 5164407 on Fri Sep  6 08:18:11 MDT 2024
  **** SharedData Build 5164864 on Thu Sep 05 13:09:09 MDT 2024
  **** Start of session at: Thu May 28 01:22:16 2026
    ** Copyright 1986-2022 Xilinx, Inc. All Rights Reserved.
    ** Copyright 2022-2024 Advanced Micro Devices, Inc. All Rights Reserved.

source smart_traffic_controller.tcl -notrace
Command: open_checkpoint D:/SmartTrafficController/stc_1/stc_1.runs/impl_1/smart_traffic_controller.dcp
INFO: [Device 21-403] Loading part xc7a35tcpg236-1
INFO: [Device 21-9227] Part: xc7a35tcpg236-1 does not have CEAM library.
Netlist sorting complete. Time (s): cpu = 00:00:00 ; elapsed = 00:00:00 . Memory (MB): peak = 923.785 ; gain = 0.000
INFO: [Project 1-479] Netlist was created with Vivado 2024.1.2
INFO: [Project 1-570] Preparing netlist for logic optimization
Read ShapeDB Complete: Time (s): cpu = 00:00:00 ; elapsed = 00:00:00.003 . Memory (MB): peak = 1010.758 ; gain = 0.074
Netlist sorting complete. Time (s): cpu = 00:00:00 ; elapsed = 00:00:00 . Memory (MB): peak = 1011.309 ; gain = 0.000
INFO: [Project 1-111] Unisim Transformation Summary:
No Unisim elements were transformed.

INFO: [Project 1-604] Checkpoint was created with Vivado v2024.1.2 (64-bit) build 5164865
open_checkpoint: Time (s): cpu = 00:00:20 ; elapsed = 00:00:26 . Memory (MB): peak = 1036.402 ; gain = 632.875
Command: opt_design
Attempting to get a license for feature 'Implementation' and/or device 'xc7a35t'
INFO: [Common 17-349] Got license for feature 'Implementation' and/or device 'xc7a35t'
Running DRC as a precondition to command opt_design

Starting DRC Task
INFO: [DRC 23-27] Running DRC with 2 threads
INFO: [Project 1-461] DRC finished with 0 Errors
INFO: [Project 1-462] Please refer to the DRC report (report_drc) for more information.

Time (s): cpu = 00:00:01 ; elapsed = 00:00:02 . Memory (MB): peak = 1070.867 ; gain = 34.410

Starting Cache Timing Information Task
INFO: [Timing 38-35] Done setting XDC timing constraints.
Ending Cache Timing Information Task | Checksum: 20bf4c2b6

Time (s): cpu = 00:00:10 ; elapsed = 00:00:11 . Memory (MB): peak = 1599.246 ; gain = 528.379

Starting Logic Optimization Task

Phase 1 Initialization

Phase 1.1 Core Generation And Design Setup
Phase 1.1 Core Generation And Design Setup | Checksum: 20bf4c2b6

Time (s): cpu = 00:00:00 ; elapsed = 00:00:00.003 . Memory (MB): peak = 1977.820 ; gain = 0.000

Phase 1.2 Setup Constraints And Sort Netlist
Phase 1.2 Setup Constraints And Sort Netlist | Checksum: 20bf4c2b6

Time (s): cpu = 00:00:00 ; elapsed = 00:00:00.004 . Memory (MB): peak = 1977.820 ; gain = 0.000
Phase 1 Initialization | Checksum: 20bf4c2b6

Time (s): cpu = 00:00:00 ; elapsed = 00:00:00.005 . Memory (MB): peak = 1977.820 ; gain = 0.000

Phase 2 Timer Update And Timing Data Collection

Phase 2.1 Timer Update
Phase 2.1 Timer Update | Checksum: 20bf4c2b6

Time (s): cpu = 00:00:00 ; elapsed = 00:00:00.010 . Memory (MB): peak = 1977.820 ; gain = 0.000

Phase 2.2 Timing Data Collection
Phase 2.2 Timing Data Collection | Checksum: 20bf4c2b6

Time (s): cpu = 00:00:00 ; elapsed = 00:00:00.038 . Memory (MB): peak = 1977.820 ; gain = 0.000
Phase 2 Timer Update And Timing Data Collection | Checksum: 20bf4c2b6

Time (s): cpu = 00:00:00 ; elapsed = 00:00:00.039 . Memory (MB): peak = 1977.820 ; gain = 0.000

Phase 3 Retarget
INFO: [Opt 31-1834] Total Chains To Be Transformed Were: 0 AND Number of Transformed insts Created are: 0
INFO: [Opt 31-138] Pushed 0 inverter(s) to 0 load pin(s).
INFO: [Opt 31-49] Retargeted 0 cell(s).
Phase 3 Retarget | Checksum: 20bf4c2b6

Time (s): cpu = 00:00:00 ; elapsed = 00:00:00.088 . Memory (MB): peak = 1977.820 ; gain = 0.000
Retarget | Checksum: 20bf4c2b6
INFO: [Opt 31-389] Phase Retarget created 0 cells and removed 0 cells

Phase 4 Constant propagation
INFO: [Opt 31-138] Pushed 0 inverter(s) to 0 load pin(s).
Phase 4 Constant propagation | Checksum: 20bf4c2b6

Time (s): cpu = 00:00:00 ; elapsed = 00:00:00.090 . Memory (MB): peak = 1977.820 ; gain = 0.000
Constant propagation | Checksum: 20bf4c2b6
INFO: [Opt 31-389] Phase Constant propagation created 0 cells and removed 0 cells

Phase 5 Sweep
Phase 5 Sweep | Checksum: 20bf4c2b6

Time (s): cpu = 00:00:00 ; elapsed = 00:00:00.093 . Memory (MB): peak = 1977.820 ; gain = 0.000
Sweep | Checksum: 20bf4c2b6
INFO: [Opt 31-389] Phase Sweep created 0 cells and removed 0 cells

Phase 6 BUFG optimization
Phase 6 BUFG optimization | Checksum: 20bf4c2b6

Time (s): cpu = 00:00:00 ; elapsed = 00:00:00.137 . Memory (MB): peak = 1977.820 ; gain = 0.000
BUFG optimization | Checksum: 20bf4c2b6
INFO: [Opt 31-662] Phase BUFG optimization created 0 cells of which 0 are BUFGs and removed 0 cells.

Phase 7 Shift Register Optimization
INFO: [Opt 31-1064] SRL Remap converted 0 SRLs to 0 registers and converted 0 registers of register chains to 0 SRLs
Phase 7 Shift Register Optimization | Checksum: 20bf4c2b6

Time (s): cpu = 00:00:00 ; elapsed = 00:00:00.141 . Memory (MB): peak = 1977.820 ; gain = 0.000
Shift Register Optimization | Checksum: 20bf4c2b6
INFO: [Opt 31-389] Phase Shift Register Optimization created 0 cells and removed 0 cells

Phase 8 Post Processing Netlist
Phase 8 Post Processing Netlist | Checksum: 20bf4c2b6

Time (s): cpu = 00:00:00 ; elapsed = 00:00:00.143 . Memory (MB): peak = 1977.820 ; gain = 0.000
Post Processing Netlist | Checksum: 20bf4c2b6
INFO: [Opt 31-389] Phase Post Processing Netlist created 0 cells and removed 0 cells

Phase 9 Finalization

Phase 9.1 Finalizing Design Cores and Updating Shapes
Phase 9.1 Finalizing Design Cores and Updating Shapes | Checksum: 20bf4c2b6

Time (s): cpu = 00:00:00 ; elapsed = 00:00:00.145 . Memory (MB): peak = 1977.820 ; gain = 0.000

Phase 9.2 Verifying Netlist Connectivity

Starting Connectivity Check Task

Time (s): cpu = 00:00:00 ; elapsed = 00:00:00.001 . Memory (MB): peak = 1977.820 ; gain = 0.000
Phase 9.2 Verifying Netlist Connectivity | Checksum: 20bf4c2b6

Time (s): cpu = 00:00:00 ; elapsed = 00:00:00.146 . Memory (MB): peak = 1977.820 ; gain = 0.000
Phase 9 Finalization | Checksum: 20bf4c2b6

Time (s): cpu = 00:00:00 ; elapsed = 00:00:00.146 . Memory (MB): peak = 1977.820 ; gain = 0.000
Opt_design Change Summary
=========================


-------------------------------------------------------------------------------------------------------------------------
|  Phase                        |  #Cells created  |  #Cells Removed  |  #Constrained objects preventing optimizations  |
-------------------------------------------------------------------------------------------------------------------------
|  Retarget                     |               0  |               0  |                                              0  |
|  Constant propagation         |               0  |               0  |                                              0  |
|  Sweep                        |               0  |               0  |                                              0  |
|  BUFG optimization            |               0  |               0  |                                              0  |
|  Shift Register Optimization  |               0  |               0  |                                              0  |
|  Post Processing Netlist      |               0  |               0  |                                              0  |
-------------------------------------------------------------------------------------------------------------------------


Ending Logic Optimization Task | Checksum: 20bf4c2b6

Time (s): cpu = 00:00:00 ; elapsed = 00:00:00.148 . Memory (MB): peak = 1977.820 ; gain = 0.000

Starting Power Optimization Task
INFO: [Pwropt 34-132] Skipping clock gating for clocks with a period < 2.00 ns.
Ending Power Optimization Task | Checksum: 20bf4c2b6

Time (s): cpu = 00:00:00 ; elapsed = 00:00:00.034 . Memory (MB): peak = 1977.820 ; gain = 0.000

Starting Final Cleanup Task
Ending Final Cleanup Task | Checksum: 20bf4c2b6

Time (s): cpu = 00:00:00 ; elapsed = 00:00:00 . Memory (MB): peak = 1977.820 ; gain = 0.000

Starting Netlist Obfuscation Task
Netlist sorting complete. Time (s): cpu = 00:00:00 ; elapsed = 00:00:00 . Memory (MB): peak = 1977.820 ; gain = 0.000
Ending Netlist Obfuscation Task | Checksum: 20bf4c2b6

Time (s): cpu = 00:00:00 ; elapsed = 00:00:00 . Memory (MB): peak = 1977.820 ; gain = 0.000
INFO: [Common 17-83] Releasing license: Implementation
24 Infos, 0 Warnings, 0 Critical Warnings and 0 Errors encountered.
opt_design completed successfully
opt_design: Time (s): cpu = 00:00:15 ; elapsed = 00:00:18 . Memory (MB): peak = 1977.820 ; gain = 941.418
INFO: [Vivado 12-24828] Executing command : report_drc -file smart_traffic_controller_drc_opted.rpt -pb smart_traffic_controller_drc_opted.pb -rpx smart_traffic_controller_drc_opted.rpx
Command: report_drc -file smart_traffic_controller_drc_opted.rpt -pb smart_traffic_controller_drc_opted.pb -rpx smart_traffic_controller_drc_opted.rpx
INFO: [IP_Flow 19-234] Refreshing IP repositories
INFO: [IP_Flow 19-1704] No user IP repositories specified
INFO: [IP_Flow 19-2313] Loaded Vivado IP repository 'D:/Vivado/2024.1/data/ip'.
INFO: [DRC 23-27] Running DRC with 2 threads
INFO: [Vivado_Tcl 2-168] The results of DRC are in file D:/SmartTrafficController/stc_1/stc_1.runs/impl_1/smart_traffic_controller_drc_opted.rpt.
report_drc completed successfully
Write ShapeDB Complete: Time (s): cpu = 00:00:00 ; elapsed = 00:00:00.001 . Memory (MB): peak = 1977.820 ; gain = 0.000
INFO: [Common 17-1381] The checkpoint 'D:/SmartTrafficController/stc_1/stc_1.runs/impl_1/smart_traffic_controller_opt.dcp' has been generated.
Command: place_design
Attempting to get a license for feature 'Implementation' and/or device 'xc7a35t'
INFO: [Common 17-349] Got license for feature 'Implementation' and/or device 'xc7a35t'
INFO: [Common 17-83] Releasing license: Implementation
INFO: [DRC 23-27] Running DRC with 2 threads
INFO: [Vivado_Tcl 4-198] DRC finished with 0 Errors
INFO: [Vivado_Tcl 4-199] Please refer to the DRC report (report_drc) for more information.
Running DRC as a precondition to command place_design
INFO: [DRC 23-27] Running DRC with 2 threads
INFO: [Vivado_Tcl 4-198] DRC finished with 0 Errors
INFO: [Vivado_Tcl 4-199] Please refer to the DRC report (report_drc) for more information.
INFO: [Place 30-611] Multithreading enabled for place_design using a maximum of 2 CPUs

Starting Placer Task

Phase 1 Placer Initialization

Phase 1.1 Placer Initialization Netlist Sorting
Netlist sorting complete. Time (s): cpu = 00:00:00 ; elapsed = 00:00:00 . Memory (MB): peak = 1977.820 ; gain = 0.000
Phase 1.1 Placer Initialization Netlist Sorting | Checksum: 14a305972

Time (s): cpu = 00:00:00 ; elapsed = 00:00:00.007 . Memory (MB): peak = 1977.820 ; gain = 0.000
Netlist sorting complete. Time (s): cpu = 00:00:00 ; elapsed = 00:00:00 . Memory (MB): peak = 1977.820 ; gain = 0.000

Phase 1.2 IO Placement/ Clock Placement/ Build Placer Device
INFO: [Timing 38-35] Done setting XDC timing constraints.
Phase 1.2 IO Placement/ Clock Placement/ Build Placer Device | Checksum: 1fbd4c7e2

Time (s): cpu = 00:00:01 ; elapsed = 00:00:00.412 . Memory (MB): peak = 1977.820 ; gain = 0.000

Phase 1.3 Build Placer Netlist Model
Phase 1.3 Build Placer Netlist Model | Checksum: 2a5afd797

Time (s): cpu = 00:00:01 ; elapsed = 00:00:00.519 . Memory (MB): peak = 1977.820 ; gain = 0.000

Phase 1.4 Constrain Clocks/Macros
Phase 1.4 Constrain Clocks/Macros | Checksum: 2a5afd797

Time (s): cpu = 00:00:01 ; elapsed = 00:00:00.523 . Memory (MB): peak = 1977.820 ; gain = 0.000
Phase 1 Placer Initialization | Checksum: 2a5afd797

Time (s): cpu = 00:00:01 ; elapsed = 00:00:00.531 . Memory (MB): peak = 1977.820 ; gain = 0.000

Phase 2 Global Placement

Phase 2.1 Floorplanning
Phase 2.1 Floorplanning | Checksum: 2a5afd797

Time (s): cpu = 00:00:01 ; elapsed = 00:00:00.543 . Memory (MB): peak = 1977.820 ; gain = 0.000

Phase 2.2 Update Timing before SLR Path Opt
Phase 2.2 Update Timing before SLR Path Opt | Checksum: 2a5afd797

Time (s): cpu = 00:00:01 ; elapsed = 00:00:00.544 . Memory (MB): peak = 1977.820 ; gain = 0.000

Phase 2.3 Post-Processing in Floorplanning
Phase 2.3 Post-Processing in Floorplanning | Checksum: 2a5afd797

Time (s): cpu = 00:00:01 ; elapsed = 00:00:00.545 . Memory (MB): peak = 1977.820 ; gain = 0.000

Phase 2.4 Global Placement Core
WARNING: [Place 46-29] Timing had been disabled during Placer and, therefore, physical synthesis in Placer will be skipped.
Phase 2.4 Global Placement Core | Checksum: 2b21930dc

Time (s): cpu = 00:00:02 ; elapsed = 00:00:02 . Memory (MB): peak = 1977.820 ; gain = 0.000
Phase 2 Global Placement | Checksum: 2b21930dc

Time (s): cpu = 00:00:02 ; elapsed = 00:00:02 . Memory (MB): peak = 1977.820 ; gain = 0.000

Phase 3 Detail Placement

Phase 3.1 Commit Multi Column Macros
Phase 3.1 Commit Multi Column Macros | Checksum: 2b21930dc

Time (s): cpu = 00:00:02 ; elapsed = 00:00:02 . Memory (MB): peak = 1977.820 ; gain = 0.000

Phase 3.2 Commit Most Macros & LUTRAMs
Phase 3.2 Commit Most Macros & LUTRAMs | Checksum: 2c22f1541

Time (s): cpu = 00:00:02 ; elapsed = 00:00:02 . Memory (MB): peak = 1977.820 ; gain = 0.000

Phase 3.3 Area Swap Optimization
Phase 3.3 Area Swap Optimization | Checksum: 2985fbbbf

Time (s): cpu = 00:00:02 ; elapsed = 00:00:02 . Memory (MB): peak = 1977.820 ; gain = 0.000

Phase 3.4 Pipeline Register Optimization
Phase 3.4 Pipeline Register Optimization | Checksum: 2985fbbbf

Time (s): cpu = 00:00:02 ; elapsed = 00:00:02 . Memory (MB): peak = 1977.820 ; gain = 0.000

Phase 3.5 Small Shape Detail Placement
Phase 3.5 Small Shape Detail Placement | Checksum: 26beab571

Time (s): cpu = 00:00:02 ; elapsed = 00:00:02 . Memory (MB): peak = 1977.820 ; gain = 0.000

Phase 3.6 Re-assign LUT pins
Phase 3.6 Re-assign LUT pins | Checksum: 26beab571

Time (s): cpu = 00:00:02 ; elapsed = 00:00:02 . Memory (MB): peak = 1977.820 ; gain = 0.000

Phase 3.7 Pipeline Register Optimization
Phase 3.7 Pipeline Register Optimization | Checksum: 26beab571

Time (s): cpu = 00:00:02 ; elapsed = 00:00:02 . Memory (MB): peak = 1977.820 ; gain = 0.000
Phase 3 Detail Placement | Checksum: 26beab571

Time (s): cpu = 00:00:02 ; elapsed = 00:00:02 . Memory (MB): peak = 1977.820 ; gain = 0.000

Phase 4 Post Placement Optimization and Clean-Up

Phase 4.1 Post Commit Optimization
Phase 4.1 Post Commit Optimization | Checksum: 26beab571

Time (s): cpu = 00:00:02 ; elapsed = 00:00:02 . Memory (MB): peak = 1977.820 ; gain = 0.000

Phase 4.2 Post Placement Cleanup
Phase 4.2 Post Placement Cleanup | Checksum: 26beab571

Time (s): cpu = 00:00:02 ; elapsed = 00:00:02 . Memory (MB): peak = 1977.820 ; gain = 0.000

Phase 4.3 Placer Reporting

Phase 4.3.1 Print Estimated Congestion
INFO: [Place 30-612] Post-Placement Estimated Congestion 
 ____________________________________________________
|           | Global Congestion | Short Congestion  |
| Direction | Region Size       | Region Size       |
|___________|___________________|___________________|
|      North|                1x1|                1x1|
|___________|___________________|___________________|
|      South|                1x1|                1x1|
|___________|___________________|___________________|
|       East|                1x1|                1x1|
|___________|___________________|___________________|
|       West|                1x1|                1x1|
|___________|___________________|___________________|

Phase 4.3.1 Print Estimated Congestion | Checksum: 26beab571

Time (s): cpu = 00:00:02 ; elapsed = 00:00:02 . Memory (MB): peak = 1977.820 ; gain = 0.000
Phase 4.3 Placer Reporting | Checksum: 26beab571

Time (s): cpu = 00:00:02 ; elapsed = 00:00:02 . Memory (MB): peak = 1977.820 ; gain = 0.000

Phase 4.4 Final Placement Cleanup
Netlist sorting complete. Time (s): cpu = 00:00:00 ; elapsed = 00:00:00 . Memory (MB): peak = 1977.820 ; gain = 0.000

Time (s): cpu = 00:00:02 ; elapsed = 00:00:02 . Memory (MB): peak = 1977.820 ; gain = 0.000
Phase 4 Post Placement Optimization and Clean-Up | Checksum: 2419e6cb8

Time (s): cpu = 00:00:02 ; elapsed = 00:00:02 . Memory (MB): peak = 1977.820 ; gain = 0.000
Ending Placer Task | Checksum: 16b0edc7c

Time (s): cpu = 00:00:02 ; elapsed = 00:00:02 . Memory (MB): peak = 1977.820 ; gain = 0.000
42 Infos, 1 Warnings, 0 Critical Warnings and 0 Errors encountered.
place_design completed successfully
INFO: [Vivado 12-24838] Running report commands "report_control_sets, report_io, report_utilization" in parallel.
Running report generation with 2 threads.
INFO: [Vivado 12-24828] Executing command : report_utilization -file smart_traffic_controller_utilization_placed.rpt -pb smart_traffic_controller_utilization_placed.pb
INFO: [Vivado 12-24828] Executing command : report_control_sets -verbose -file smart_traffic_controller_control_sets_placed.rpt
report_control_sets: Time (s): cpu = 00:00:00 ; elapsed = 00:00:00.003 . Memory (MB): peak = 1977.820 ; gain = 0.000
INFO: [Vivado 12-24828] Executing command : report_io -file smart_traffic_controller_io_placed.rpt
report_io: Time (s): cpu = 00:00:00 ; elapsed = 00:00:00.081 . Memory (MB): peak = 1977.820 ; gain = 0.000
Write ShapeDB Complete: Time (s): cpu = 00:00:00 ; elapsed = 00:00:00.002 . Memory (MB): peak = 1977.820 ; gain = 0.000
Wrote PlaceDB: Time (s): cpu = 00:00:00 ; elapsed = 00:00:00.004 . Memory (MB): peak = 1977.820 ; gain = 0.000
Wrote PulsedLatchDB: Time (s): cpu = 00:00:00 ; elapsed = 00:00:00 . Memory (MB): peak = 1977.820 ; gain = 0.000
Writing XDEF routing.
Writing XDEF routing logical nets.
Writing XDEF routing special nets.
Wrote RouteStorage: Time (s): cpu = 00:00:00 ; elapsed = 00:00:00.152 . Memory (MB): peak = 1977.820 ; gain = 0.000
Wrote Netlist Cache: Time (s): cpu = 00:00:00 ; elapsed = 00:00:00 . Memory (MB): peak = 1977.820 ; gain = 0.000
Wrote Device Cache: Time (s): cpu = 00:00:00 ; elapsed = 00:00:00.010 . Memory (MB): peak = 1977.820 ; gain = 0.000
Write Physdb Complete: Time (s): cpu = 00:00:00 ; elapsed = 00:00:00.174 . Memory (MB): peak = 1977.820 ; gain = 0.000
INFO: [Common 17-1381] The checkpoint 'D:/SmartTrafficController/stc_1/stc_1.runs/impl_1/smart_traffic_controller_placed.dcp' has been generated.
Command: phys_opt_design
Attempting to get a license for feature 'Implementation' and/or device 'xc7a35t'
INFO: [Common 17-349] Got license for feature 'Implementation' and/or device 'xc7a35t'

Starting Initial Update Timing Task

Time (s): cpu = 00:00:00 ; elapsed = 00:00:00.024 . Memory (MB): peak = 1977.820 ; gain = 0.000
INFO: [Vivado_Tcl 4-235] No timing constraint found. The netlist was not modified.
INFO: [Common 17-83] Releasing license: Implementation
50 Infos, 1 Warnings, 0 Critical Warnings and 0 Errors encountered.
phys_opt_design completed successfully
Write ShapeDB Complete: Time (s): cpu = 00:00:01 ; elapsed = 00:00:00.001 . Memory (MB): peak = 1988.176 ; gain = 0.000
Wrote PlaceDB: Time (s): cpu = 00:00:00 ; elapsed = 00:00:00.005 . Memory (MB): peak = 1988.176 ; gain = 0.000
Wrote PulsedLatchDB: Time (s): cpu = 00:00:00 ; elapsed = 00:00:00 . Memory (MB): peak = 1988.176 ; gain = 0.000
Writing XDEF routing.
Writing XDEF routing logical nets.
Writing XDEF routing special nets.
Wrote RouteStorage: Time (s): cpu = 00:00:00 ; elapsed = 00:00:00.037 . Memory (MB): peak = 1988.176 ; gain = 0.000
Wrote Netlist Cache: Time (s): cpu = 00:00:00 ; elapsed = 00:00:00 . Memory (MB): peak = 1988.176 ; gain = 0.000
Wrote Device Cache: Time (s): cpu = 00:00:00 ; elapsed = 00:00:00.014 . Memory (MB): peak = 1988.176 ; gain = 0.000
Write Physdb Complete: Time (s): cpu = 00:00:00 ; elapsed = 00:00:00.069 . Memory (MB): peak = 1988.176 ; gain = 0.000
INFO: [Common 17-1381] The checkpoint 'D:/SmartTrafficController/stc_1/stc_1.runs/impl_1/smart_traffic_controller_physopt.dcp' has been generated.
Command: route_design
Attempting to get a license for feature 'Implementation' and/or device 'xc7a35t'
INFO: [Common 17-349] Got license for feature 'Implementation' and/or device 'xc7a35t'
Running DRC as a precondition to command route_design
INFO: [DRC 23-27] Running DRC with 2 threads
INFO: [Vivado_Tcl 4-198] DRC finished with 0 Errors
INFO: [Vivado_Tcl 4-199] Please refer to the DRC report (report_drc) for more information.


Starting Routing Task
INFO: [Route 35-254] Multithreading enabled for route_design using a maximum of 8 CPUs

Phase 1 Build RT Design
Checksum: PlaceDB: 20de830a ConstDB: 0 ShapeSum: a9aefd1b RouteDB: a0815c57
Phase 1 Build RT Design | Checksum: 16b0edc7c

Time (s): cpu = 00:00:24 ; elapsed = 00:00:25 . Memory (MB): peak = 2003.574 ; gain = 0.000
ERROR: [Route 35-302] Router has run out of memory. Please close other programs if practical and refer to the Device/OS/Memory Recommendations available here: http://www.xilinx.com/design-tools/vivado/memory.htm
Total Elapsed time in route_design: 25.117 secs

Phase 2 Post-Route Event Processing
Phase 2 Post-Route Event Processing | Checksum: 16b0edc7c

Time (s): cpu = 00:00:24 ; elapsed = 00:00:25 . Memory (MB): peak = 2003.574 ; gain = 0.000
INFO: [Route 35-17] Router encountered errors. Please check the log file for details
Ending Routing Task | Checksum: 16b0edc7c

Time (s): cpu = 00:00:24 ; elapsed = 00:00:25 . Memory (MB): peak = 2003.574 ; gain = 0.000
INFO: [Common 17-83] Releasing license: Implementation
58 Infos, 1 Warnings, 0 Critical Warnings and 1 Errors encountered.
route_design failed
route_design: Time (s): cpu = 00:00:25 ; elapsed = 00:00:26 . Memory (MB): peak = 2003.574 ; gain = 15.398
Wrote PlaceDB: Time (s): cpu = 00:00:00 ; elapsed = 00:00:00.005 . Memory (MB): peak = 2005.324 ; gain = 0.043
Wrote PulsedLatchDB: Time (s): cpu = 00:00:00 ; elapsed = 00:00:00 . Memory (MB): peak = 2005.324 ; gain = 0.000
Writing XDEF routing.
Write ShapeDB Complete: Time (s): cpu = 00:00:00 ; elapsed = 00:00:00.026 . Memory (MB): peak = 2005.324 ; gain = 0.043
Writing XDEF routing logical nets.
Writing XDEF routing special nets.
Wrote RouteStorage: Time (s): cpu = 00:00:00 ; elapsed = 00:00:00.041 . Memory (MB): peak = 2005.324 ; gain = 0.000
Wrote Netlist Cache: Time (s): cpu = 00:00:00 ; elapsed = 00:00:00.001 . Memory (MB): peak = 2005.324 ; gain = 0.000
Wrote Device Cache: Time (s): cpu = 00:00:00 ; elapsed = 00:00:00.016 . Memory (MB): peak = 2005.324 ; gain = 0.000
Write Physdb Complete: Time (s): cpu = 00:00:00 ; elapsed = 00:00:00.071 . Memory (MB): peak = 2005.324 ; gain = 0.043
INFO: [Common 17-1381] The checkpoint 'D:/SmartTrafficController/stc_1/stc_1.runs/impl_1/smart_traffic_controller_routed_error.dcp' has been generated.
ERROR: [Common 17-39] 'route_design' failed due to earlier errors.

INFO: [Common 17-206] Exiting Vivado at Thu May 28 01:23:40 2026...

*** Running vivado
    with args -log smart_traffic_controller.vdi -applog -m64 -product Vivado -messageDb vivado.pb -mode batch -source smart_traffic_controller.tcl -notrace



****** Vivado v2024.1.2 (64-bit)
  **** SW Build 5164865 on Thu Sep  5 14:37:11 MDT 2024
  **** IP Build 5164407 on Fri Sep  6 08:18:11 MDT 2024
  **** SharedData Build 5164864 on Thu Sep 05 13:09:09 MDT 2024
  **** Start of session at: Thu May 28 01:24:55 2026
    ** Copyright 1986-2022 Xilinx, Inc. All Rights Reserved.
    ** Copyright 2022-2024 Advanced Micro Devices, Inc. All Rights Reserved.

source smart_traffic_controller.tcl -notrace
Command: open_checkpoint smart_traffic_controller_physopt.dcp
INFO: [Device 21-403] Loading part xc7a35tcpg236-1
INFO: [Device 21-9227] Part: xc7a35tcpg236-1 does not have CEAM library.
Netlist sorting complete. Time (s): cpu = 00:00:00 ; elapsed = 00:00:00 . Memory (MB): peak = 925.453 ; gain = 0.000
INFO: [Project 1-479] Netlist was created with Vivado 2024.1.2
INFO: [Project 1-570] Preparing netlist for logic optimization
Read ShapeDB Complete: Time (s): cpu = 00:00:00 ; elapsed = 00:00:00.003 . Memory (MB): peak = 1010.809 ; gain = 0.000
INFO: [Designutils 20-5722] Start Reading Physical Databases.
Reading placement.
Read Netlist Cache: Time (s): cpu = 00:00:00 ; elapsed = 00:00:00 . Memory (MB): peak = 1036.289 ; gain = 0.000
Reading placer database...
Read Device Cache: Time (s): cpu = 00:00:00 ; elapsed = 00:00:00.012 . Memory (MB): peak = 1036.289 ; gain = 0.000
Read PlaceDB: Time (s): cpu = 00:00:00 ; elapsed = 00:00:00.003 . Memory (MB): peak = 1036.289 ; gain = 0.000
Read PulsedLatchDB: Time (s): cpu = 00:00:00 ; elapsed = 00:00:00 . Memory (MB): peak = 1036.289 ; gain = 0.000
Reading routing.
Read RouteStorage: Time (s): cpu = 00:00:00 ; elapsed = 00:00:00.148 . Memory (MB): peak = 1036.289 ; gain = 0.000
Read Physdb Files: Time (s): cpu = 00:00:00 ; elapsed = 00:00:00.184 . Memory (MB): peak = 1036.289 ; gain = 0.000
Restored from archive | CPU: 0.000000 secs | Memory: 0.000000 MB |
Finished XDEF File Restore: Time (s): cpu = 00:00:00 ; elapsed = 00:00:00.273 . Memory (MB): peak = 1036.289 ; gain = 24.852
Netlist sorting complete. Time (s): cpu = 00:00:00 ; elapsed = 00:00:00.001 . Memory (MB): peak = 1421.895 ; gain = 0.000
INFO: [Project 1-111] Unisim Transformation Summary:
No Unisim elements were transformed.

INFO: [Project 1-604] Checkpoint was created with Vivado v2024.1.2 (64-bit) build 5164865
open_checkpoint: Time (s): cpu = 00:00:21 ; elapsed = 00:00:27 . Memory (MB): peak = 1421.895 ; gain = 1019.449
Command: route_design
Attempting to get a license for feature 'Implementation' and/or device 'xc7a35t'
INFO: [Common 17-349] Got license for feature 'Implementation' and/or device 'xc7a35t'
Running DRC as a precondition to command route_design
INFO: [DRC 23-27] Running DRC with 2 threads
INFO: [Vivado_Tcl 4-198] DRC finished with 0 Errors
INFO: [Vivado_Tcl 4-199] Please refer to the DRC report (report_drc) for more information.


Starting Routing Task
INFO: [Route 35-254] Multithreading enabled for route_design using a maximum of 8 CPUs

Phase 1 Build RT Design
Checksum: PlaceDB: 20de830a ConstDB: 0 ShapeSum: a9aefd1b RouteDB: a0815c57
Post Restoration Checksum: NetGraph: e7b8815b | NumContArr: 3e93db1e | Constraints: c2a8fa9d | Timing: c2a8fa9d
Phase 1 Build RT Design | Checksum: 2ab9e51b3

Time (s): cpu = 00:00:25 ; elapsed = 00:00:26 . Memory (MB): peak = 1547.410 ; gain = 99.121

Phase 2 Router Initialization
INFO: [Route 35-64] No timing constraints were detected. The router will operate in resource-optimization mode.

Phase 2.1 Fix Topology Constraints
Phase 2.1 Fix Topology Constraints | Checksum: 2ab9e51b3

Time (s): cpu = 00:00:25 ; elapsed = 00:00:26 . Memory (MB): peak = 1576.199 ; gain = 127.910

Phase 2.2 Pre Route Cleanup
Phase 2.2 Pre Route Cleanup | Checksum: 2ab9e51b3

Time (s): cpu = 00:00:25 ; elapsed = 00:00:26 . Memory (MB): peak = 1576.199 ; gain = 127.910
 Number of Nodes with overlaps = 0

Router Utilization Summary
  Global Vertical Routing Utilization    = 0 %
  Global Horizontal Routing Utilization  = 0 %
  Routable Net Status*
  *Does not include unroutable nets such as driverless and loadless.
  Run report_route_status for detailed report.
  Number of Failed Nets               = 24
    (Failed Nets is the sum of unrouted and partially routed nets)
  Number of Unrouted Nets             = 24
  Number of Partially Routed Nets     = 0
  Number of Node Overlaps             = 0

Phase 2 Router Initialization | Checksum: 340316be9

Time (s): cpu = 00:00:26 ; elapsed = 00:00:27 . Memory (MB): peak = 1629.035 ; gain = 180.746

Phase 3 Global Routing
Phase 3 Global Routing | Checksum: 340316be9

Time (s): cpu = 00:00:26 ; elapsed = 00:00:27 . Memory (MB): peak = 1629.035 ; gain = 180.746

Phase 4 Initial Routing

Phase 4.1 Initial Net Routing Pass
Phase 4.1 Initial Net Routing Pass | Checksum: 27c6e17a2

Time (s): cpu = 00:00:26 ; elapsed = 00:00:27 . Memory (MB): peak = 1629.035 ; gain = 180.746
Phase 4 Initial Routing | Checksum: 27c6e17a2

Time (s): cpu = 00:00:26 ; elapsed = 00:00:27 . Memory (MB): peak = 1629.035 ; gain = 180.746

Phase 5 Rip-up And Reroute

Phase 5.1 Global Iteration 0
 Number of Nodes with overlaps = 1
 Number of Nodes with overlaps = 0
Phase 5.1 Global Iteration 0 | Checksum: 1ea27dd0c

Time (s): cpu = 00:00:26 ; elapsed = 00:00:27 . Memory (MB): peak = 1629.035 ; gain = 180.746
Phase 5 Rip-up And Reroute | Checksum: 1ea27dd0c

Time (s): cpu = 00:00:26 ; elapsed = 00:00:27 . Memory (MB): peak = 1629.035 ; gain = 180.746

Phase 6 Delay and Skew Optimization
Phase 6 Delay and Skew Optimization | Checksum: 1ea27dd0c

Time (s): cpu = 00:00:26 ; elapsed = 00:00:27 . Memory (MB): peak = 1629.035 ; gain = 180.746

Phase 7 Post Hold Fix

Phase 7.1 Hold Fix Iter
Phase 7.1 Hold Fix Iter | Checksum: 1ea27dd0c

Time (s): cpu = 00:00:26 ; elapsed = 00:00:27 . Memory (MB): peak = 1629.035 ; gain = 180.746
Phase 7 Post Hold Fix | Checksum: 1ea27dd0c

Time (s): cpu = 00:00:26 ; elapsed = 00:00:27 . Memory (MB): peak = 1629.035 ; gain = 180.746

Phase 8 Route finalize

Router Utilization Summary
  Global Vertical Routing Utilization    = 0.00334848 %
  Global Horizontal Routing Utilization  = 0.00403436 %
  Routable Net Status*
  *Does not include unroutable nets such as driverless and loadless.
  Run report_route_status for detailed report.
  Number of Failed Nets               = 0
    (Failed Nets is the sum of unrouted and partially routed nets)
  Number of Unrouted Nets             = 0
  Number of Partially Routed Nets     = 0
  Number of Node Overlaps             = 0


--GLOBAL Congestion:
Utilization threshold used for congestion level computation: 0.85
Congestion Report
North Dir 1x1 Area, Max Cong = 3.6036%, No Congested Regions.
South Dir 1x1 Area, Max Cong = 9.00901%, No Congested Regions.
East Dir 1x1 Area, Max Cong = 2.94118%, No Congested Regions.
West Dir 1x1 Area, Max Cong = 10.2941%, No Congested Regions.

------------------------------
Reporting congestion hotspots
------------------------------
Direction: North
----------------
Congested clusters found at Level 0
Effective congestion level: 0 Aspect Ratio: 1 Sparse Ratio: 0
Direction: South
----------------
Congested clusters found at Level 0
Effective congestion level: 0 Aspect Ratio: 1 Sparse Ratio: 0
Direction: East
----------------
Congested clusters found at Level 0
Effective congestion level: 0 Aspect Ratio: 1 Sparse Ratio: 0
Direction: West
----------------
Congested clusters found at Level 0
Effective congestion level: 0 Aspect Ratio: 1 Sparse Ratio: 0

Phase 8 Route finalize | Checksum: 1ea27dd0c

Time (s): cpu = 00:00:26 ; elapsed = 00:00:27 . Memory (MB): peak = 1629.035 ; gain = 180.746

Phase 9 Verifying routed nets

 Verification completed successfully
Phase 9 Verifying routed nets | Checksum: 1ea27dd0c

Time (s): cpu = 00:00:26 ; elapsed = 00:00:27 . Memory (MB): peak = 1629.035 ; gain = 180.746

Phase 10 Depositing Routes
Phase 10 Depositing Routes | Checksum: 21d917bac

Time (s): cpu = 00:00:26 ; elapsed = 00:00:27 . Memory (MB): peak = 1629.035 ; gain = 180.746

Phase 11 Post Process Routing
Phase 11 Post Process Routing | Checksum: 21d917bac

Time (s): cpu = 00:00:27 ; elapsed = 00:00:27 . Memory (MB): peak = 1629.035 ; gain = 180.746
Total Elapsed time in route_design: 26.944 secs

Phase 12 Post-Route Event Processing
Phase 12 Post-Route Event Processing | Checksum: b84f17a6

Time (s): cpu = 00:00:27 ; elapsed = 00:00:27 . Memory (MB): peak = 1629.035 ; gain = 180.746
INFO: [Route 35-16] Router Completed Successfully
Ending Routing Task | Checksum: b84f17a6

Time (s): cpu = 00:00:27 ; elapsed = 00:00:27 . Memory (MB): peak = 1629.035 ; gain = 180.746

Routing Is Done.
INFO: [Common 17-83] Releasing license: Implementation
15 Infos, 0 Warnings, 0 Critical Warnings and 0 Errors encountered.
route_design completed successfully
route_design: Time (s): cpu = 00:00:30 ; elapsed = 00:00:28 . Memory (MB): peak = 1629.035 ; gain = 207.141
INFO: [Vivado 12-24828] Executing command : report_drc -file smart_traffic_controller_drc_routed.rpt -pb smart_traffic_controller_drc_routed.pb -rpx smart_traffic_controller_drc_routed.rpx
Command: report_drc -file smart_traffic_controller_drc_routed.rpt -pb smart_traffic_controller_drc_routed.pb -rpx smart_traffic_controller_drc_routed.rpx
INFO: [IP_Flow 19-234] Refreshing IP repositories
INFO: [IP_Flow 19-1704] No user IP repositories specified
INFO: [IP_Flow 19-2313] Loaded Vivado IP repository 'D:/Vivado/2024.1/data/ip'.
INFO: [DRC 23-27] Running DRC with 2 threads
INFO: [Vivado_Tcl 2-168] The results of DRC are in file D:/SmartTrafficController/stc_1/stc_1.runs/impl_1/smart_traffic_controller_drc_routed.rpt.
report_drc completed successfully
INFO: [Vivado 12-24828] Executing command : report_methodology -file smart_traffic_controller_methodology_drc_routed.rpt -pb smart_traffic_controller_methodology_drc_routed.pb -rpx smart_traffic_controller_methodology_drc_routed.rpx
Command: report_methodology -file smart_traffic_controller_methodology_drc_routed.rpt -pb smart_traffic_controller_methodology_drc_routed.pb -rpx smart_traffic_controller_methodology_drc_routed.rpx
INFO: [Timing 38-35] Done setting XDC timing constraints.
INFO: [Timing 38-35] Done setting XDC timing constraints.
INFO: [DRC 23-133] Running Methodology with 2 threads
INFO: [Vivado_Tcl 2-1520] The results of Report Methodology are in file D:/SmartTrafficController/stc_1/stc_1.runs/impl_1/smart_traffic_controller_methodology_drc_routed.rpt.
report_methodology completed successfully
report_methodology: Time (s): cpu = 00:00:09 ; elapsed = 00:00:09 . Memory (MB): peak = 1778.992 ; gain = 149.957
INFO: [Vivado 12-24828] Executing command : report_timing_summary -max_paths 10 -report_unconstrained -file smart_traffic_controller_timing_summary_routed.rpt -pb smart_traffic_controller_timing_summary_routed.pb -rpx smart_traffic_controller_timing_summary_routed.rpx -warn_on_violation 
INFO: [Timing 38-35] Done setting XDC timing constraints.
INFO: [Timing 38-91] UpdateTimingParams: Speed grade: -1, Delay Type: min_max.
INFO: [Timing 38-191] Multithreading enabled for timing update using a maximum of 2 CPUs
WARNING: [Timing 38-313] There are no user specified timing constraints. Timing constraints are needed for proper timing analysis.
INFO: [Vivado 12-24838] Running report commands "report_incremental_reuse, report_route_status" in parallel.
Running report generation with 2 threads.
INFO: [Vivado 12-24828] Executing command : report_incremental_reuse -file smart_traffic_controller_incremental_reuse_routed.rpt
INFO: [Vivado_Tcl 4-1062] Incremental flow is disabled. No incremental reuse Info to report.
INFO: [Vivado 12-24828] Executing command : report_route_status -file smart_traffic_controller_route_status.rpt -pb smart_traffic_controller_route_status.pb
INFO: [Vivado 12-24828] Executing command : report_power -file smart_traffic_controller_power_routed.rpt -pb smart_traffic_controller_power_summary_routed.pb -rpx smart_traffic_controller_power_routed.rpx
Command: report_power -file smart_traffic_controller_power_routed.rpt -pb smart_traffic_controller_power_summary_routed.pb -rpx smart_traffic_controller_power_routed.rpx
WARNING: [Power 33-232] No user defined clocks were found in the design! Power estimation will be inaccurate until this is corrected.
Resolution: Please specify clocks using create_clock/create_generated_clock for sequential elements. For pure combinatorial circuits, please specify a virtual clock, otherwise the vectorless estimation might be inaccurate
Running Vector-less Activity Propagation...

Finished Running Vector-less Activity Propagation
35 Infos, 2 Warnings, 0 Critical Warnings and 0 Errors encountered.
report_power completed successfully
INFO: [Vivado 12-24828] Executing command : report_clock_utilization -file smart_traffic_controller_clock_utilization_routed.rpt
WARNING: [Device 21-9320] Failed to find the Oracle tile group with name 'HSR_BOUNDARY_TOP'. This is required for Clock regions and Virtual grid.
WARNING: [Device 21-2174] Failed to initialize Virtual grid.
INFO: [Vivado 12-24828] Executing command : report_bus_skew -warn_on_violation -file smart_traffic_controller_bus_skew_routed.rpt -pb smart_traffic_controller_bus_skew_routed.pb -rpx smart_traffic_controller_bus_skew_routed.rpx
INFO: [Timing 38-91] UpdateTimingParams: Speed grade: -1, Delay Type: min_max.
INFO: [Timing 38-191] Multithreading enabled for timing update using a maximum of 2 CPUs
generate_parallel_reports: Time (s): cpu = 00:00:12 ; elapsed = 00:00:12 . Memory (MB): peak = 1789.684 ; gain = 160.648
Write ShapeDB Complete: Time (s): cpu = 00:00:00 ; elapsed = 00:00:00 . Memory (MB): peak = 1789.684 ; gain = 0.000
Wrote PlaceDB: Time (s): cpu = 00:00:00 ; elapsed = 00:00:00.005 . Memory (MB): peak = 1789.684 ; gain = 0.000
Wrote PulsedLatchDB: Time (s): cpu = 00:00:00 ; elapsed = 00:00:00 . Memory (MB): peak = 1789.684 ; gain = 0.000
Writing XDEF routing.
Writing XDEF routing logical nets.
Writing XDEF routing special nets.
Wrote RouteStorage: Time (s): cpu = 00:00:00 ; elapsed = 00:00:00.032 . Memory (MB): peak = 1789.684 ; gain = 0.000
Wrote Netlist Cache: Time (s): cpu = 00:00:00 ; elapsed = 00:00:00.001 . Memory (MB): peak = 1789.684 ; gain = 0.000
Wrote Device Cache: Time (s): cpu = 00:00:00 ; elapsed = 00:00:00.011 . Memory (MB): peak = 1789.684 ; gain = 0.000
Write Physdb Complete: Time (s): cpu = 00:00:00 ; elapsed = 00:00:00.055 . Memory (MB): peak = 1789.684 ; gain = 0.000
INFO: [Common 17-1381] The checkpoint 'D:/SmartTrafficController/stc_1/stc_1.runs/impl_1/smart_traffic_controller_routed.dcp' has been generated.
INFO: [Common 17-206] Exiting Vivado at Thu May 28 01:26:07 2026...

*** Running vivado
    with args -log smart_traffic_controller.vdi -applog -m64 -product Vivado -messageDb vivado.pb -mode batch -source smart_traffic_controller.tcl -notrace



****** Vivado v2024.1.2 (64-bit)
  **** SW Build 5164865 on Thu Sep  5 14:37:11 MDT 2024
  **** IP Build 5164407 on Fri Sep  6 08:18:11 MDT 2024
  **** SharedData Build 5164864 on Thu Sep 05 13:09:09 MDT 2024
  **** Start of session at: Thu May 28 01:30:53 2026
    ** Copyright 1986-2022 Xilinx, Inc. All Rights Reserved.
    ** Copyright 2022-2024 Advanced Micro Devices, Inc. All Rights Reserved.

source smart_traffic_controller.tcl -notrace
Command: open_checkpoint smart_traffic_controller_routed.dcp
INFO: [Device 21-403] Loading part xc7a35tcpg236-1
INFO: [Device 21-9227] Part: xc7a35tcpg236-1 does not have CEAM library.
Netlist sorting complete. Time (s): cpu = 00:00:00 ; elapsed = 00:00:00.001 . Memory (MB): peak = 924.434 ; gain = 0.000
INFO: [Project 1-479] Netlist was created with Vivado 2024.1.2
INFO: [Project 1-570] Preparing netlist for logic optimization
